2025-09-23 22:15:18,465 - __main__ - INFO - Found UCI dataset: C:\Users\aksha\OneDrive\Documents\CMU\Fall2025\FundamentalsOfOpsAI\IndividualProject\data\AirQualityUCI.csv
2025-09-23 22:15:18,467 - __main__ - INFO - Confluent Kafka producer created successfully
2025-09-23 22:15:18,467 - __main__ - INFO - Loading data from: C:\Users\aksha\OneDrive\Documents\CMU\Fall2025\FundamentalsOfOpsAI\IndividualProject\data\AirQualityUCI.csv
2025-09-23 22:15:18,470 - data_preprocessing - INFO - AirQualityDataPreprocessor initialized
2025-09-23 22:15:18,471 - data_preprocessing - INFO - Starting complete preprocessing pipeline...
2025-09-23 22:15:18,472 - data_preprocessing - INFO - Loading data from: C:\Users\aksha\OneDrive\Documents\CMU\Fall2025\FundamentalsOfOpsAI\IndividualProject\data\AirQualityUCI.csv
2025-09-23 22:15:18,571 - data_preprocessing - INFO - Data loaded successfully: 9471 records, 15 columns
2025-09-23 22:15:18,571 - data_preprocessing - INFO - Columns: ['Date', 'Time', 'CO(GT)', 'PT08.S1(CO)', 'NMHC(GT)', 'C6H6(GT)', 'PT08.S2(NMHC)', 'NOx(GT)', 'PT08.S3(NOx)', 'NO2(GT)', 'PT08.S4(NO2)', 'PT08.S5(O3)', 'T', 'RH', 'AH']
2025-09-23 22:15:18,637 - data_preprocessing - INFO - Datetime index created successfully
2025-09-23 22:15:18,638 - data_preprocessing - INFO - Handling missing values using method: hybrid
2025-09-23 22:15:18,642 - data_preprocessing - WARNING - Filled remaining missing values in CO(GT) with median: 1.80
2025-09-23 22:15:18,646 - data_preprocessing - WARNING - Filled remaining missing values in PT08.S1(CO) with median: 1064.00
2025-09-23 22:15:18,650 - data_preprocessing - WARNING - Filled remaining missing values in NMHC(GT) with median: 151.50
2025-09-23 22:15:18,654 - data_preprocessing - WARNING - Filled remaining missing values in C6H6(GT) with median: 8.30
2025-09-23 22:15:18,658 - data_preprocessing - WARNING - Filled remaining missing values in PT08.S2(NMHC) with median: 910.00
2025-09-23 22:15:18,666 - data_preprocessing - WARNING - Filled remaining missing values in NOx(GT) with median: 176.00
2025-09-23 22:15:18,670 - data_preprocessing - WARNING - Filled remaining missing values in PT08.S3(NOx) with median: 806.00
2025-09-23 22:15:18,674 - data_preprocessing - WARNING - Filled remaining missing values in NO2(GT) with median: 107.00
2025-09-23 22:15:18,679 - data_preprocessing - WARNING - Filled remaining missing values in PT08.S4(NO2) with median: 1463.00
2025-09-23 22:15:18,685 - data_preprocessing - WARNING - Filled remaining missing values in PT08.S5(O3) with median: 964.00
2025-09-23 22:15:18,690 - data_preprocessing - WARNING - Filled remaining missing values in T with median: 17.80
2025-09-23 22:15:18,694 - data_preprocessing - WARNING - Filled remaining missing values in RH with median: 49.50
2025-09-23 22:15:18,699 - data_preprocessing - WARNING - Filled remaining missing values in AH with median: 0.99
2025-09-23 22:15:18,700 - data_preprocessing - INFO - Missing value handling completed:
2025-09-23 22:15:18,700 - data_preprocessing - INFO -   CO(GT): 114 -> 0 missing values
2025-09-23 22:15:18,701 - data_preprocessing - INFO -   PT08.S1(CO): 114 -> 0 missing values
2025-09-23 22:15:18,701 - data_preprocessing - INFO -   NMHC(GT): 114 -> 0 missing values
2025-09-23 22:15:18,702 - data_preprocessing - INFO -   C6H6(GT): 114 -> 0 missing values
2025-09-23 22:15:18,702 - data_preprocessing - INFO -   PT08.S2(NMHC): 114 -> 0 missing values
2025-09-23 22:15:18,703 - data_preprocessing - INFO -   NOx(GT): 114 -> 0 missing values
2025-09-23 22:15:18,703 - data_preprocessing - INFO -   PT08.S3(NOx): 114 -> 0 missing values
2025-09-23 22:15:18,704 - data_preprocessing - INFO -   NO2(GT): 114 -> 0 missing values
2025-09-23 22:15:18,704 - data_preprocessing - INFO -   PT08.S4(NO2): 114 -> 0 missing values
2025-09-23 22:15:18,705 - data_preprocessing - INFO -   PT08.S5(O3): 114 -> 0 missing values
2025-09-23 22:15:18,705 - data_preprocessing - INFO -   T: 114 -> 0 missing values
2025-09-23 22:15:18,706 - data_preprocessing - INFO -   RH: 114 -> 0 missing values
2025-09-23 22:15:18,706 - data_preprocessing - INFO -   AH: 114 -> 0 missing values
2025-09-23 22:15:18,707 - data_preprocessing - INFO - Validating data quality...
2025-09-23 22:15:18,770 - data_preprocessing - INFO - Data quality validation completed:
2025-09-23 22:15:18,771 - data_preprocessing - INFO -   Overall quality score: 0.916
2025-09-23 22:15:18,772 - data_preprocessing - INFO -   Data completeness: 1.000
2025-09-23 22:15:18,772 - data_preprocessing - INFO -   Average outlier percentage: 2.86%
2025-09-23 22:15:18,775 - data_preprocessing - INFO - Engineering features...
2025-09-23 22:15:19,007 - data_preprocessing - INFO - Feature engineering completed: 210 total features
2025-09-23 22:15:19,010 - data_preprocessing - INFO - Preprocessing pipeline completed successfully
2025-09-23 22:15:19,010 - __main__ - INFO - Data loaded successfully: 9471 records with 210 features
2025-09-23 22:15:19,011 - __main__ - INFO - AirQualityDataProducer initialized for topic: air-quality-data
2025-09-23 22:15:19,011 - __main__ - INFO - Starting air quality data streaming...
2025-09-23 22:15:19,012 - __main__ - INFO - Simulation speed: 1.0x
2025-09-23 22:15:19,012 - __main__ - INFO - Max messages: All
2025-09-23 22:15:19,013 - __main__ - INFO - Batch size: 10
2025-09-23 22:15:28,329 - __main__ - INFO - Messages sent: 100/9471
2025-09-23 22:15:38,713 - __main__ - INFO - Messages sent: 200/9471
2025-09-23 22:15:48,947 - __main__ - INFO - Messages sent: 300/9471
2025-09-23 22:15:59,120 - __main__ - INFO - Messages sent: 400/9471
2025-09-23 22:16:09,552 - __main__ - INFO - Messages sent: 500/9471
2025-09-23 22:16:19,757 - __main__ - INFO - Messages sent: 600/9471
2025-09-23 22:16:29,974 - __main__ - INFO - Messages sent: 700/9471
2025-09-23 22:16:40,194 - __main__ - INFO - Messages sent: 800/9471
2025-09-23 22:16:50,397 - __main__ - INFO - Messages sent: 900/9471
2025-09-23 22:17:00,673 - __main__ - INFO - Messages sent: 1000/9471
2025-09-23 22:17:11,197 - __main__ - INFO - Messages sent: 1100/9471
2025-09-23 22:17:21,554 - __main__ - INFO - Messages sent: 1200/9471
2025-09-23 22:17:32,037 - __main__ - INFO - Messages sent: 1300/9471
2025-09-23 22:17:42,357 - __main__ - INFO - Messages sent: 1400/9471
2025-09-23 22:17:52,723 - __main__ - INFO - Messages sent: 1500/9471
2025-09-23 22:18:03,264 - __main__ - INFO - Messages sent: 1600/9471
2025-09-23 22:18:13,653 - __main__ - INFO - Messages sent: 1700/9471
2025-09-23 22:18:23,873 - __main__ - INFO - Messages sent: 1800/9471
2025-09-23 22:18:34,098 - __main__ - INFO - Messages sent: 1900/9471
2025-09-23 22:18:44,282 - __main__ - INFO - Messages sent: 2000/9471
2025-09-23 22:18:54,412 - __main__ - INFO - Messages sent: 2100/9471
2025-09-23 22:19:04,541 - __main__ - INFO - Messages sent: 2200/9471
2025-09-23 22:19:14,678 - __main__ - INFO - Messages sent: 2300/9471
2025-09-23 22:19:24,835 - __main__ - INFO - Messages sent: 2400/9471
2025-09-23 22:19:34,980 - __main__ - INFO - Messages sent: 2500/9471
2025-09-23 22:19:45,140 - __main__ - INFO - Messages sent: 2600/9471
2025-09-23 22:19:55,307 - __main__ - INFO - Messages sent: 2700/9471
2025-09-23 22:20:05,456 - __main__ - INFO - Messages sent: 2800/9471
2025-09-23 22:20:15,612 - __main__ - INFO - Messages sent: 2900/9471
2025-09-23 22:20:25,753 - __main__ - INFO - Messages sent: 3000/9471
2025-09-23 22:20:35,882 - __main__ - INFO - Messages sent: 3100/9471
2025-09-23 22:20:46,125 - __main__ - INFO - Messages sent: 3200/9471
2025-09-23 22:20:56,350 - __main__ - INFO - Messages sent: 3300/9471
2025-09-23 22:21:06,556 - __main__ - INFO - Messages sent: 3400/9471
2025-09-23 22:21:16,752 - __main__ - INFO - Messages sent: 3500/9471
2025-09-23 22:21:26,947 - __main__ - INFO - Messages sent: 3600/9471
2025-09-23 22:21:37,141 - __main__ - INFO - Messages sent: 3700/9471
2025-09-23 22:21:47,328 - __main__ - INFO - Messages sent: 3800/9471
2025-09-23 22:21:57,543 - __main__ - INFO - Messages sent: 3900/9471
2025-09-23 22:22:07,740 - __main__ - INFO - Messages sent: 4000/9471
2025-09-23 22:22:17,917 - __main__ - INFO - Messages sent: 4100/9471
2025-09-23 22:22:28,109 - __main__ - INFO - Messages sent: 4200/9471
2025-09-23 22:22:38,296 - __main__ - INFO - Messages sent: 4300/9471
2025-09-23 22:22:48,468 - __main__ - INFO - Messages sent: 4400/9471
2025-09-23 22:22:58,686 - __main__ - INFO - Messages sent: 4500/9471
2025-09-23 22:23:08,869 - __main__ - INFO - Messages sent: 4600/9471
2025-09-23 22:23:19,093 - __main__ - INFO - Messages sent: 4700/9471
2025-09-23 22:23:29,260 - __main__ - INFO - Messages sent: 4800/9471
2025-09-23 22:23:39,464 - __main__ - INFO - Messages sent: 4900/9471
2025-09-23 22:23:49,698 - __main__ - INFO - Messages sent: 5000/9471
2025-09-23 22:23:59,918 - __main__ - INFO - Messages sent: 5100/9471
2025-09-23 22:24:10,147 - __main__ - INFO - Messages sent: 5200/9471
2025-09-23 22:24:20,377 - __main__ - INFO - Messages sent: 5300/9471
2025-09-23 22:24:30,538 - __main__ - INFO - Messages sent: 5400/9471
2025-09-23 22:24:40,792 - __main__ - INFO - Messages sent: 5500/9471
2025-09-23 22:24:51,054 - __main__ - INFO - Messages sent: 5600/9471
2025-09-23 22:25:01,246 - __main__ - INFO - Messages sent: 5700/9471
2025-09-23 22:25:05,347 - __main__ - WARNING - NOx value out of range: 1052.0
2025-09-23 22:25:05,368 - __main__ - WARNING - Message validation failed, skipping send
2025-09-23 22:25:05,379 - __main__ - WARNING - NOx value out of range: 1014.0
2025-09-23 22:25:05,402 - __main__ - WARNING - Message validation failed, skipping send
2025-09-23 22:25:07,471 - __main__ - WARNING - NOx value out of range: 1001.0
2025-09-23 22:25:07,472 - __main__ - WARNING - Message validation failed, skipping send
2025-09-23 22:25:21,834 - __main__ - WARNING - NOx value out of range: 1247.0
2025-09-23 22:25:21,834 - __main__ - WARNING - Message validation failed, skipping send
2025-09-23 22:25:21,835 - __main__ - WARNING - NOx value out of range: 1110.0
2025-09-23 22:25:21,836 - __main__ - WARNING - Message validation failed, skipping send
2025-09-23 22:25:21,837 - __main__ - WARNING - NOx value out of range: 1145.0
2025-09-23 22:25:21,839 - __main__ - WARNING - Message validation failed, skipping send
2025-09-23 22:25:34,053 - __main__ - WARNING - NOx value out of range: 1071.0
2025-09-23 22:25:34,054 - __main__ - WARNING - Message validation failed, skipping send
2025-09-23 22:25:37,118 - __main__ - WARNING - NOx value out of range: 1290.0
2025-09-23 22:25:37,118 - __main__ - WARNING - Message validation failed, skipping send
2025-09-23 22:25:37,120 - __main__ - WARNING - NOx value out of range: 1148.0
2025-09-23 22:25:37,120 - __main__ - WARNING - Message validation failed, skipping send
2025-09-23 22:25:39,160 - __main__ - WARNING - NOx value out of range: 1132.0
2025-09-23 22:25:39,160 - __main__ - WARNING - Message validation failed, skipping send
2025-09-23 22:25:39,160 - __main__ - WARNING - NOx value out of range: 1195.0
2025-09-23 22:25:39,160 - __main__ - WARNING - Message validation failed, skipping send
2025-09-23 22:25:39,161 - __main__ - WARNING - NOx value out of range: 1120.0
2025-09-23 22:25:39,161 - __main__ - WARNING - Message validation failed, skipping send
2025-09-23 22:25:49,404 - __main__ - WARNING - NOx value out of range: 1058.0
2025-09-23 22:25:49,404 - __main__ - WARNING - Message validation failed, skipping send
2025-09-23 22:25:49,405 - __main__ - WARNING - NOx value out of range: 1080.0
2025-09-23 22:25:49,405 - __main__ - WARNING - Message validation failed, skipping send
2025-09-23 22:25:49,405 - __main__ - WARNING - NOx value out of range: 1301.0
2025-09-23 22:25:49,405 - __main__ - WARNING - Message validation failed, skipping send
2025-09-23 22:25:49,406 - __main__ - WARNING - NOx value out of range: 1345.0
2025-09-23 22:25:49,406 - __main__ - WARNING - Message validation failed, skipping send
2025-09-23 22:25:50,429 - __main__ - WARNING - NOx value out of range: 1218.0
2025-09-23 22:25:50,430 - __main__ - WARNING - Message validation failed, skipping send
2025-09-23 22:25:51,456 - __main__ - WARNING - NOx value out of range: 1188.0
2025-09-23 22:25:51,457 - __main__ - WARNING - Message validation failed, skipping send
2025-09-23 22:25:51,457 - __main__ - WARNING - NOx value out of range: 1045.0
2025-09-23 22:25:51,458 - __main__ - WARNING - Message validation failed, skipping send
2025-09-23 22:25:51,459 - __main__ - WARNING - NOx value out of range: 1189.0
2025-09-23 22:25:51,459 - __main__ - WARNING - Message validation failed, skipping send
2025-09-23 22:25:52,474 - __main__ - WARNING - NOx value out of range: 1201.0
2025-09-23 22:25:52,476 - __main__ - WARNING - Message validation failed, skipping send
2025-09-23 22:25:52,476 - __main__ - WARNING - NOx value out of range: 1369.0
2025-09-23 22:25:52,476 - __main__ - WARNING - Message validation failed, skipping send
2025-09-23 22:25:52,476 - __main__ - WARNING - NOx value out of range: 1389.0
2025-09-23 22:25:52,477 - __main__ - WARNING - Message validation failed, skipping send
2025-09-23 22:25:52,477 - __main__ - WARNING - NOx value out of range: 1358.0
2025-09-23 22:25:52,477 - __main__ - WARNING - Message validation failed, skipping send
2025-09-23 22:25:52,478 - __main__ - WARNING - NOx value out of range: 1189.0
2025-09-23 22:25:52,478 - __main__ - WARNING - Message validation failed, skipping send
2025-09-23 22:25:54,526 - __main__ - WARNING - NOx value out of range: 1074.0
2025-09-23 22:25:54,526 - __main__ - WARNING - Message validation failed, skipping send
2025-09-23 22:25:58,587 - __main__ - WARNING - NOx value out of range: 1056.0
2025-09-23 22:25:58,588 - __main__ - WARNING - Message validation failed, skipping send
2025-09-23 22:25:59,612 - __main__ - WARNING - NOx value out of range: 1071.0
2025-09-23 22:25:59,613 - __main__ - WARNING - Message validation failed, skipping send
2025-09-23 22:25:59,613 - __main__ - WARNING - NOx value out of range: 1134.0
2025-09-23 22:25:59,613 - __main__ - WARNING - Message validation failed, skipping send
2025-09-23 22:25:59,614 - __main__ - WARNING - NOx value out of range: 1389.0
2025-09-23 22:25:59,614 - __main__ - WARNING - Message validation failed, skipping send
2025-09-23 22:25:59,616 - __main__ - WARNING - NOx value out of range: 1155.0
2025-09-23 22:25:59,616 - __main__ - WARNING - Message validation failed, skipping send
2025-09-23 22:26:05,765 - __main__ - WARNING - NOx value out of range: 1044.0
2025-09-23 22:26:05,766 - __main__ - WARNING - Message validation failed, skipping send
2025-09-23 22:26:05,767 - __main__ - WARNING - NOx value out of range: 1172.0
2025-09-23 22:26:05,767 - __main__ - WARNING - Message validation failed, skipping send
2025-09-23 22:26:11,919 - __main__ - WARNING - NOx value out of range: 1040.0
2025-09-23 22:26:11,920 - __main__ - WARNING - Message validation failed, skipping send
2025-09-23 22:26:13,972 - __main__ - WARNING - NOx value out of range: 1001.0
2025-09-23 22:26:13,972 - __main__ - WARNING - Message validation failed, skipping send
2025-09-23 22:26:13,973 - __main__ - WARNING - NOx value out of range: 1184.0
2025-09-23 22:26:13,974 - __main__ - WARNING - Message validation failed, skipping send
2025-09-23 22:26:14,996 - __main__ - WARNING - NOx value out of range: 1020.0
2025-09-23 22:26:14,996 - __main__ - WARNING - Message validation failed, skipping send
2025-09-23 22:26:41,552 - __main__ - WARNING - NOx value out of range: 1014.0
2025-09-23 22:26:41,553 - __main__ - WARNING - Message validation failed, skipping send
2025-09-23 22:26:41,553 - __main__ - WARNING - NOx value out of range: 1479.0
2025-09-23 22:26:41,553 - __main__ - WARNING - Message validation failed, skipping send
2025-09-23 22:26:41,554 - __main__ - WARNING - NOx value out of range: 1018.0
2025-09-23 22:26:41,555 - __main__ - WARNING - Message validation failed, skipping send
2025-09-23 22:26:43,614 - __main__ - WARNING - NOx value out of range: 1159.0
2025-09-23 22:26:43,616 - __main__ - WARNING - Message validation failed, skipping send
2025-09-23 22:26:43,616 - __main__ - WARNING - NOx value out of range: 1310.0
2025-09-23 22:26:43,617 - __main__ - WARNING - Message validation failed, skipping send
2025-09-23 22:26:43,618 - __main__ - WARNING - NOx value out of range: 1037.0
2025-09-23 22:26:43,619 - __main__ - WARNING - Message validation failed, skipping send
2025-09-23 22:26:45,665 - __main__ - WARNING - NOx value out of range: 1237.0
2025-09-23 22:26:45,666 - __main__ - WARNING - Message validation failed, skipping send
2025-09-23 22:26:46,685 - __main__ - WARNING - NOx value out of range: 1137.0
2025-09-23 22:26:46,687 - __main__ - WARNING - Message validation failed, skipping send
2025-09-23 22:26:47,703 - __main__ - WARNING - NOx value out of range: 1015.0
2025-09-23 22:26:47,704 - __main__ - WARNING - Message validation failed, skipping send
2025-09-23 22:26:48,712 - __main__ - WARNING - NOx value out of range: 1018.0
2025-09-23 22:26:48,713 - __main__ - WARNING - Message validation failed, skipping send
2025-09-23 22:26:48,714 - __main__ - WARNING - NOx value out of range: 1058.0
2025-09-23 22:26:48,714 - __main__ - WARNING - Message validation failed, skipping send
2025-09-23 22:26:48,714 - __main__ - WARNING - NOx value out of range: 1182.0
2025-09-23 22:26:48,715 - __main__ - WARNING - Message validation failed, skipping send
2025-09-23 22:26:48,715 - __main__ - WARNING - NOx value out of range: 1089.0
2025-09-23 22:26:48,715 - __main__ - WARNING - Message validation failed, skipping send
2025-09-23 22:26:48,715 - __main__ - WARNING - NOx value out of range: 1186.0
2025-09-23 22:26:48,716 - __main__ - WARNING - Message validation failed, skipping send
2025-09-23 22:26:48,716 - __main__ - WARNING - NOx value out of range: 1235.0
2025-09-23 22:26:48,716 - __main__ - WARNING - Message validation failed, skipping send
2025-09-23 22:26:48,717 - __main__ - WARNING - NOx value out of range: 1253.0
2025-09-23 22:26:48,717 - __main__ - WARNING - Message validation failed, skipping send
2025-09-23 22:26:48,717 - __main__ - WARNING - NOx value out of range: 1237.0
2025-09-23 22:26:48,717 - __main__ - WARNING - Message validation failed, skipping send
2025-09-23 22:26:48,718 - __main__ - WARNING - NOx value out of range: 1060.0
2025-09-23 22:26:48,718 - __main__ - WARNING - Message validation failed, skipping send
2025-09-23 22:26:49,747 - __main__ - WARNING - NOx value out of range: 1005.0
2025-09-23 22:26:49,747 - __main__ - WARNING - Message validation failed, skipping send
2025-09-23 22:27:06,099 - __main__ - WARNING - NOx value out of range: 1089.0
2025-09-23 22:27:06,100 - __main__ - WARNING - Message validation failed, skipping send
2025-09-23 22:27:06,100 - __main__ - WARNING - NOx value out of range: 1070.0
2025-09-23 22:27:06,100 - __main__ - WARNING - Message validation failed, skipping send
2025-09-23 22:27:06,101 - __main__ - WARNING - NOx value out of range: 1220.0
2025-09-23 22:27:06,101 - __main__ - WARNING - Message validation failed, skipping send
2025-09-23 22:27:06,102 - __main__ - WARNING - NOx value out of range: 1076.0
2025-09-23 22:27:06,102 - __main__ - WARNING - Message validation failed, skipping send
2025-09-23 22:27:10,203 - __main__ - INFO - Messages sent: 6900/9471
2025-09-23 22:27:20,402 - __main__ - INFO - Messages sent: 7000/9471
2025-09-23 22:27:30,594 - __main__ - INFO - Messages sent: 7100/9471
2025-09-23 22:27:36,709 - __main__ - WARNING - NOx value out of range: 1130.0
2025-09-23 22:27:36,710 - __main__ - WARNING - Message validation failed, skipping send
2025-09-23 22:28:07,274 - __main__ - WARNING - NOx value out of range: 1216.0
2025-09-23 22:28:07,275 - __main__ - WARNING - Message validation failed, skipping send
2025-09-23 22:28:07,276 - __main__ - WARNING - NOx value out of range: 1230.0
2025-09-23 22:28:07,276 - __main__ - WARNING - Message validation failed, skipping send
2025-09-23 22:28:08,307 - __main__ - WARNING - NOx value out of range: 1049.0
2025-09-23 22:28:08,307 - __main__ - WARNING - Message validation failed, skipping send
2025-09-23 22:28:09,325 - __main__ - WARNING - NOx value out of range: 1022.0
2025-09-23 22:28:09,326 - __main__ - WARNING - Message validation failed, skipping send
2025-09-23 22:28:09,326 - __main__ - WARNING - NOx value out of range: 1023.0
2025-09-23 22:28:09,327 - __main__ - WARNING - Message validation failed, skipping send
2025-09-23 22:28:09,327 - __main__ - WARNING - NOx value out of range: 1065.0
2025-09-23 22:28:09,328 - __main__ - WARNING - Message validation failed, skipping send
2025-09-23 22:28:09,328 - __main__ - WARNING - NOx value out of range: 1098.0
2025-09-23 22:28:09,329 - __main__ - WARNING - Message validation failed, skipping send
2025-09-23 22:28:09,329 - __main__ - WARNING - NOx value out of range: 1099.0
2025-09-23 22:28:09,329 - __main__ - WARNING - Message validation failed, skipping send
2025-09-23 22:28:17,474 - __main__ - WARNING - NOx value out of range: 1200.0
2025-09-23 22:28:17,475 - __main__ - WARNING - Message validation failed, skipping send
2025-09-23 22:28:17,475 - __main__ - WARNING - NOx value out of range: 1028.0
2025-09-23 22:28:17,476 - __main__ - WARNING - Message validation failed, skipping send
2025-09-23 22:28:43,051 - __main__ - WARNING - NOx value out of range: 1017.0
2025-09-23 22:28:43,051 - __main__ - WARNING - Message validation failed, skipping send
2025-09-23 22:29:06,509 - __main__ - WARNING - NOx value out of range: 1028.0
2025-09-23 22:29:06,510 - __main__ - WARNING - Message validation failed, skipping send
2025-09-23 22:29:07,539 - __main__ - WARNING - NOx value out of range: 1054.0
2025-09-23 22:29:07,540 - __main__ - WARNING - Message validation failed, skipping send
2025-09-23 22:29:08,559 - __main__ - WARNING - NOx value out of range: 1218.0
2025-09-23 22:29:08,560 - __main__ - WARNING - Message validation failed, skipping send
2025-09-23 22:29:08,560 - __main__ - WARNING - NOx value out of range: 1227.0
2025-09-23 22:29:08,560 - __main__ - WARNING - Message validation failed, skipping send
2025-09-23 22:29:08,560 - __main__ - WARNING - NOx value out of range: 1061.0
2025-09-23 22:29:08,560 - __main__ - WARNING - Message validation failed, skipping send
2025-09-23 22:29:08,561 - __main__ - WARNING - NOx value out of range: 1075.0
2025-09-23 22:29:08,561 - __main__ - WARNING - Message validation failed, skipping send
2025-09-23 22:31:28,444 - __main__ - INFO - Streaming completed. Total messages sent: 9393
2025-09-23 22:31:28,445 - __main__ - INFO - Kafka producer closed successfully
2025-09-24 17:22:41,188 - __main__ - INFO - Found UCI dataset: C:\Users\aksha\OneDrive\Documents\CMU\Fall2025\FundamentalsOfOpsAI\IndividualProject\data\AirQualityUCI.csv
2025-09-24 17:22:41,190 - __main__ - INFO - Confluent Kafka producer created successfully
2025-09-24 17:22:41,191 - __main__ - INFO - Loading data from: C:\Users\aksha\OneDrive\Documents\CMU\Fall2025\FundamentalsOfOpsAI\IndividualProject\data\AirQualityUCI.csv
2025-09-24 17:22:41,194 - data_preprocessing - INFO - AirQualityDataPreprocessor initialized
2025-09-24 17:22:41,195 - data_preprocessing - INFO - Starting complete preprocessing pipeline...
2025-09-24 17:22:41,195 - data_preprocessing - INFO - Loading data from: C:\Users\aksha\OneDrive\Documents\CMU\Fall2025\FundamentalsOfOpsAI\IndividualProject\data\AirQualityUCI.csv
2025-09-24 17:22:41,294 - data_preprocessing - INFO - Data loaded successfully: 9471 records, 15 columns
2025-09-24 17:22:41,294 - data_preprocessing - INFO - Columns: ['Date', 'Time', 'CO(GT)', 'PT08.S1(CO)', 'NMHC(GT)', 'C6H6(GT)', 'PT08.S2(NMHC)', 'NOx(GT)', 'PT08.S3(NOx)', 'NO2(GT)', 'PT08.S4(NO2)', 'PT08.S5(O3)', 'T', 'RH', 'AH']
2025-09-24 17:22:41,343 - data_preprocessing - INFO - Datetime index created successfully
2025-09-24 17:22:41,346 - data_preprocessing - INFO - Handling missing values using method: hybrid
2025-09-24 17:22:41,351 - data_preprocessing - WARNING - Filled remaining missing values in CO(GT) with median: 1.80
2025-09-24 17:22:41,355 - data_preprocessing - WARNING - Filled remaining missing values in PT08.S1(CO) with median: 1064.00
2025-09-24 17:22:41,359 - data_preprocessing - WARNING - Filled remaining missing values in NMHC(GT) with median: 151.50
2025-09-24 17:22:41,363 - data_preprocessing - WARNING - Filled remaining missing values in C6H6(GT) with median: 8.30
2025-09-24 17:22:41,365 - data_preprocessing - WARNING - Filled remaining missing values in PT08.S2(NMHC) with median: 910.00
2025-09-24 17:22:41,369 - data_preprocessing - WARNING - Filled remaining missing values in NOx(GT) with median: 176.00
2025-09-24 17:22:41,371 - data_preprocessing - WARNING - Filled remaining missing values in PT08.S3(NOx) with median: 806.00
2025-09-24 17:22:41,374 - data_preprocessing - WARNING - Filled remaining missing values in NO2(GT) with median: 107.00
2025-09-24 17:22:41,377 - data_preprocessing - WARNING - Filled remaining missing values in PT08.S4(NO2) with median: 1463.00
2025-09-24 17:22:41,380 - data_preprocessing - WARNING - Filled remaining missing values in PT08.S5(O3) with median: 964.00
2025-09-24 17:22:41,383 - data_preprocessing - WARNING - Filled remaining missing values in T with median: 17.80
2025-09-24 17:22:41,387 - data_preprocessing - WARNING - Filled remaining missing values in RH with median: 49.50
2025-09-24 17:22:41,391 - data_preprocessing - WARNING - Filled remaining missing values in AH with median: 0.99
2025-09-24 17:22:41,391 - data_preprocessing - INFO - Missing value handling completed:
2025-09-24 17:22:41,392 - data_preprocessing - INFO -   CO(GT): 114 -> 0 missing values
2025-09-24 17:22:41,392 - data_preprocessing - INFO -   PT08.S1(CO): 114 -> 0 missing values
2025-09-24 17:22:41,393 - data_preprocessing - INFO -   NMHC(GT): 114 -> 0 missing values
2025-09-24 17:22:41,393 - data_preprocessing - INFO -   C6H6(GT): 114 -> 0 missing values
2025-09-24 17:22:41,393 - data_preprocessing - INFO -   PT08.S2(NMHC): 114 -> 0 missing values
2025-09-24 17:22:41,393 - data_preprocessing - INFO -   NOx(GT): 114 -> 0 missing values
2025-09-24 17:22:41,394 - data_preprocessing - INFO -   PT08.S3(NOx): 114 -> 0 missing values
2025-09-24 17:22:41,394 - data_preprocessing - INFO -   NO2(GT): 114 -> 0 missing values
2025-09-24 17:22:41,395 - data_preprocessing - INFO -   PT08.S4(NO2): 114 -> 0 missing values
2025-09-24 17:22:41,396 - data_preprocessing - INFO -   PT08.S5(O3): 114 -> 0 missing values
2025-09-24 17:22:41,397 - data_preprocessing - INFO -   T: 114 -> 0 missing values
2025-09-24 17:22:41,398 - data_preprocessing - INFO -   RH: 114 -> 0 missing values
2025-09-24 17:22:41,398 - data_preprocessing - INFO -   AH: 114 -> 0 missing values
2025-09-24 17:22:41,399 - data_preprocessing - INFO - Validating data quality...
2025-09-24 17:22:41,436 - data_preprocessing - INFO - Data quality validation completed:
2025-09-24 17:22:41,436 - data_preprocessing - INFO -   Overall quality score: 0.916
2025-09-24 17:22:41,436 - data_preprocessing - INFO -   Data completeness: 1.000
2025-09-24 17:22:41,436 - data_preprocessing - INFO -   Average outlier percentage: 2.86%
2025-09-24 17:22:41,439 - data_preprocessing - INFO - Engineering features...
2025-09-24 17:22:41,605 - data_preprocessing - INFO - Feature engineering completed: 210 total features
2025-09-24 17:22:41,606 - data_preprocessing - INFO - Preprocessing pipeline completed successfully
2025-09-24 17:22:41,606 - __main__ - INFO - Data loaded successfully: 9471 records with 210 features
2025-09-24 17:22:41,607 - __main__ - INFO - AirQualityDataProducer initialized for topic: air-quality-data
2025-09-24 17:22:41,607 - __main__ - INFO - Starting air quality data streaming...
2025-09-24 17:22:41,607 - __main__ - INFO - Simulation speed: 1.0x
2025-09-24 17:22:41,608 - __main__ - INFO - Max messages: All
2025-09-24 17:22:41,608 - __main__ - INFO - Batch size: 10
2025-09-24 17:22:50,772 - __main__ - INFO - Messages sent: 100/9471
2025-09-24 17:23:01,105 - __main__ - INFO - Messages sent: 200/9471
2025-09-24 17:23:11,387 - __main__ - INFO - Messages sent: 300/9471
2025-09-24 17:23:21,630 - __main__ - INFO - Messages sent: 400/9471
2025-09-24 17:23:31,925 - __main__ - INFO - Messages sent: 500/9471
2025-09-24 17:23:42,148 - __main__ - INFO - Messages sent: 600/9471
2025-09-24 17:23:52,629 - __main__ - INFO - Messages sent: 700/9471
2025-09-24 17:24:02,896 - __main__ - INFO - Messages sent: 800/9471
2025-09-24 17:24:13,194 - __main__ - INFO - Messages sent: 900/9471
2025-09-24 17:24:23,443 - __main__ - INFO - Messages sent: 1000/9471
2025-09-24 17:24:33,631 - __main__ - INFO - Messages sent: 1100/9471
2025-09-24 17:24:44,137 - __main__ - INFO - Messages sent: 1200/9471
2025-09-24 17:24:54,550 - __main__ - INFO - Messages sent: 1300/9471
2025-09-24 17:25:04,936 - __main__ - INFO - Messages sent: 1400/9471
2025-09-24 17:25:15,120 - __main__ - INFO - Messages sent: 1500/9471
2025-09-24 17:25:25,298 - __main__ - INFO - Messages sent: 1600/9471
2025-09-24 17:25:35,505 - __main__ - INFO - Messages sent: 1700/9471
2025-09-24 17:25:45,759 - __main__ - INFO - Messages sent: 1800/9471
2025-09-24 17:25:56,021 - __main__ - INFO - Messages sent: 1900/9471
2025-09-24 17:26:06,267 - __main__ - INFO - Messages sent: 2000/9471
2025-09-24 17:26:16,483 - __main__ - INFO - Messages sent: 2100/9471
2025-09-24 17:26:26,716 - __main__ - INFO - Messages sent: 2200/9471
2025-09-24 17:26:36,940 - __main__ - INFO - Messages sent: 2300/9471
2025-09-24 17:26:47,154 - __main__ - INFO - Messages sent: 2400/9471
2025-09-24 17:26:57,394 - __main__ - INFO - Messages sent: 2500/9471
2025-09-24 17:27:07,604 - __main__ - INFO - Messages sent: 2600/9471
2025-09-24 17:27:17,842 - __main__ - INFO - Messages sent: 2700/9471
2025-09-24 17:27:28,086 - __main__ - INFO - Messages sent: 2800/9471
2025-09-24 17:27:38,318 - __main__ - INFO - Messages sent: 2900/9471
2025-09-24 17:27:48,571 - __main__ - INFO - Messages sent: 3000/9471
2025-09-24 17:27:58,870 - __main__ - INFO - Messages sent: 3100/9471
2025-09-24 17:28:09,205 - __main__ - INFO - Messages sent: 3200/9471
2025-09-24 17:28:19,389 - __main__ - INFO - Messages sent: 3300/9471
2025-09-24 17:28:29,650 - __main__ - INFO - Messages sent: 3400/9471
2025-09-24 17:28:39,859 - __main__ - INFO - Messages sent: 3500/9471
2025-09-24 17:28:50,089 - __main__ - INFO - Messages sent: 3600/9471
2025-09-24 17:29:00,282 - __main__ - INFO - Messages sent: 3700/9471
2025-09-24 17:29:10,552 - __main__ - INFO - Messages sent: 3800/9471
2025-09-24 17:29:20,813 - __main__ - INFO - Messages sent: 3900/9471
2025-09-24 17:29:31,001 - __main__ - INFO - Messages sent: 4000/9471
2025-09-24 17:29:41,186 - __main__ - INFO - Messages sent: 4100/9471
2025-09-24 17:29:51,364 - __main__ - INFO - Messages sent: 4200/9471
2025-09-24 17:30:01,683 - __main__ - INFO - Messages sent: 4300/9471
2025-09-24 17:30:11,959 - __main__ - INFO - Messages sent: 4400/9471
2025-09-24 17:30:22,231 - __main__ - INFO - Messages sent: 4500/9471
2025-09-24 17:30:32,412 - __main__ - INFO - Messages sent: 4600/9471
2025-09-24 17:30:42,715 - __main__ - INFO - Messages sent: 4700/9471
2025-09-24 17:30:53,126 - __main__ - INFO - Messages sent: 4800/9471
2025-09-24 17:31:03,788 - __main__ - INFO - Messages sent: 4900/9471
2025-09-24 17:31:14,657 - __main__ - INFO - Messages sent: 5000/9471
2025-09-24 17:31:25,032 - __main__ - INFO - Messages sent: 5100/9471
2025-09-24 17:31:35,593 - __main__ - INFO - Messages sent: 5200/9471
2025-09-24 17:31:45,957 - __main__ - INFO - Messages sent: 5300/9471
2025-09-24 17:31:56,383 - __main__ - INFO - Messages sent: 5400/9471
2025-09-24 17:32:06,708 - __main__ - INFO - Messages sent: 5500/9471
2025-09-24 17:32:17,023 - __main__ - INFO - Messages sent: 5600/9471
2025-09-24 17:32:27,452 - __main__ - INFO - Messages sent: 5700/9471
2025-09-24 17:32:31,715 - __main__ - WARNING - NOx value out of range: 1052.0
2025-09-24 17:32:31,716 - __main__ - WARNING - Message validation failed, skipping send
2025-09-24 17:32:31,717 - __main__ - WARNING - NOx value out of range: 1014.0
2025-09-24 17:32:31,718 - __main__ - WARNING - Message validation failed, skipping send
2025-09-24 17:32:33,800 - __main__ - WARNING - NOx value out of range: 1001.0
2025-09-24 17:32:33,802 - __main__ - WARNING - Message validation failed, skipping send
2025-09-24 17:32:48,225 - __main__ - WARNING - NOx value out of range: 1247.0
2025-09-24 17:32:48,227 - __main__ - WARNING - Message validation failed, skipping send
2025-09-24 17:32:48,227 - __main__ - WARNING - NOx value out of range: 1110.0
2025-09-24 17:32:48,229 - __main__ - WARNING - Message validation failed, skipping send
2025-09-24 17:32:48,229 - __main__ - WARNING - NOx value out of range: 1145.0
2025-09-24 17:32:48,230 - __main__ - WARNING - Message validation failed, skipping send
2025-09-24 17:33:00,608 - __main__ - WARNING - NOx value out of range: 1071.0
2025-09-24 17:33:00,608 - __main__ - WARNING - Message validation failed, skipping send
2025-09-24 17:33:03,702 - __main__ - WARNING - NOx value out of range: 1290.0
2025-09-24 17:33:03,703 - __main__ - WARNING - Message validation failed, skipping send
2025-09-24 17:33:03,707 - __main__ - WARNING - NOx value out of range: 1148.0
2025-09-24 17:33:03,708 - __main__ - WARNING - Message validation failed, skipping send
2025-09-24 17:33:05,776 - __main__ - WARNING - NOx value out of range: 1132.0
2025-09-24 17:33:05,777 - __main__ - WARNING - Message validation failed, skipping send
2025-09-24 17:33:05,777 - __main__ - WARNING - NOx value out of range: 1195.0
2025-09-24 17:33:05,778 - __main__ - WARNING - Message validation failed, skipping send
2025-09-24 17:33:05,778 - __main__ - WARNING - NOx value out of range: 1120.0
2025-09-24 17:33:05,778 - __main__ - WARNING - Message validation failed, skipping send
2025-09-24 17:33:16,120 - __main__ - WARNING - NOx value out of range: 1058.0
2025-09-24 17:33:16,121 - __main__ - WARNING - Message validation failed, skipping send
2025-09-24 17:33:16,122 - __main__ - WARNING - NOx value out of range: 1080.0
2025-09-24 17:33:16,122 - __main__ - WARNING - Message validation failed, skipping send
2025-09-24 17:33:16,122 - __main__ - WARNING - NOx value out of range: 1301.0
2025-09-24 17:33:16,124 - __main__ - WARNING - Message validation failed, skipping send
2025-09-24 17:33:16,124 - __main__ - WARNING - NOx value out of range: 1345.0
2025-09-24 17:33:16,124 - __main__ - WARNING - Message validation failed, skipping send
2025-09-24 17:33:17,143 - __main__ - WARNING - NOx value out of range: 1218.0
2025-09-24 17:33:17,143 - __main__ - WARNING - Message validation failed, skipping send
2025-09-24 17:33:18,156 - __main__ - WARNING - NOx value out of range: 1188.0
2025-09-24 17:33:18,156 - __main__ - WARNING - Message validation failed, skipping send
2025-09-24 17:33:18,157 - __main__ - WARNING - NOx value out of range: 1045.0
2025-09-24 17:33:18,157 - __main__ - WARNING - Message validation failed, skipping send
2025-09-24 17:33:18,158 - __main__ - WARNING - NOx value out of range: 1189.0
2025-09-24 17:33:18,158 - __main__ - WARNING - Message validation failed, skipping send
2025-09-24 17:33:19,179 - __main__ - WARNING - NOx value out of range: 1201.0
2025-09-24 17:33:19,179 - __main__ - WARNING - Message validation failed, skipping send
2025-09-24 17:33:19,180 - __main__ - WARNING - NOx value out of range: 1369.0
2025-09-24 17:33:19,180 - __main__ - WARNING - Message validation failed, skipping send
2025-09-24 17:33:19,181 - __main__ - WARNING - NOx value out of range: 1389.0
2025-09-24 17:33:19,181 - __main__ - WARNING - Message validation failed, skipping send
2025-09-24 17:33:19,182 - __main__ - WARNING - NOx value out of range: 1358.0
2025-09-24 17:33:19,182 - __main__ - WARNING - Message validation failed, skipping send
2025-09-24 17:33:19,183 - __main__ - WARNING - NOx value out of range: 1189.0
2025-09-24 17:33:19,183 - __main__ - WARNING - Message validation failed, skipping send
2025-09-24 17:33:21,270 - __main__ - WARNING - NOx value out of range: 1074.0
2025-09-24 17:33:21,271 - __main__ - WARNING - Message validation failed, skipping send
2025-09-24 17:33:25,335 - __main__ - WARNING - NOx value out of range: 1056.0
2025-09-24 17:33:25,336 - __main__ - WARNING - Message validation failed, skipping send
2025-09-24 17:33:26,388 - __main__ - WARNING - NOx value out of range: 1071.0
2025-09-24 17:33:26,388 - __main__ - WARNING - Message validation failed, skipping send
2025-09-24 17:33:26,388 - __main__ - WARNING - NOx value out of range: 1134.0
2025-09-24 17:33:26,388 - __main__ - WARNING - Message validation failed, skipping send
2025-09-24 17:33:26,394 - __main__ - WARNING - NOx value out of range: 1389.0
2025-09-24 17:33:26,400 - __main__ - WARNING - Message validation failed, skipping send
2025-09-24 17:33:26,402 - __main__ - WARNING - NOx value out of range: 1155.0
2025-09-24 17:33:26,402 - __main__ - WARNING - Message validation failed, skipping send
2025-09-24 17:33:32,593 - __main__ - WARNING - NOx value out of range: 1044.0
2025-09-24 17:33:32,594 - __main__ - WARNING - Message validation failed, skipping send
2025-09-24 17:33:32,595 - __main__ - WARNING - NOx value out of range: 1172.0
2025-09-24 17:33:32,596 - __main__ - WARNING - Message validation failed, skipping send
2025-09-24 17:33:38,842 - __main__ - WARNING - NOx value out of range: 1040.0
2025-09-24 17:33:38,843 - __main__ - WARNING - Message validation failed, skipping send
2025-09-24 17:33:40,889 - __main__ - WARNING - NOx value out of range: 1001.0
2025-09-24 17:33:40,891 - __main__ - WARNING - Message validation failed, skipping send
2025-09-24 17:33:40,894 - __main__ - WARNING - NOx value out of range: 1184.0
2025-09-24 17:33:40,895 - __main__ - WARNING - Message validation failed, skipping send
2025-09-24 17:33:41,933 - __main__ - WARNING - NOx value out of range: 1020.0
2025-09-24 17:33:41,934 - __main__ - WARNING - Message validation failed, skipping send
2025-09-24 17:34:08,786 - __main__ - WARNING - NOx value out of range: 1014.0
2025-09-24 17:34:08,787 - __main__ - WARNING - Message validation failed, skipping send
2025-09-24 17:34:08,787 - __main__ - WARNING - NOx value out of range: 1479.0
2025-09-24 17:34:08,788 - __main__ - WARNING - Message validation failed, skipping send
2025-09-24 17:34:08,789 - __main__ - WARNING - NOx value out of range: 1018.0
2025-09-24 17:34:08,790 - __main__ - WARNING - Message validation failed, skipping send
2025-09-24 17:34:10,840 - __main__ - WARNING - NOx value out of range: 1159.0
2025-09-24 17:34:10,841 - __main__ - WARNING - Message validation failed, skipping send
2025-09-24 17:34:10,841 - __main__ - WARNING - NOx value out of range: 1310.0
2025-09-24 17:34:10,842 - __main__ - WARNING - Message validation failed, skipping send
2025-09-24 17:34:10,842 - __main__ - WARNING - NOx value out of range: 1037.0
2025-09-24 17:34:10,843 - __main__ - WARNING - Message validation failed, skipping send
2025-09-24 17:34:12,912 - __main__ - WARNING - NOx value out of range: 1237.0
2025-09-24 17:34:12,913 - __main__ - WARNING - Message validation failed, skipping send
2025-09-24 17:34:13,959 - __main__ - WARNING - NOx value out of range: 1137.0
2025-09-24 17:34:13,960 - __main__ - WARNING - Message validation failed, skipping send
2025-09-24 17:34:15,010 - __main__ - WARNING - NOx value out of range: 1015.0
2025-09-24 17:34:15,011 - __main__ - WARNING - Message validation failed, skipping send
2025-09-24 17:34:16,057 - __main__ - WARNING - NOx value out of range: 1018.0
2025-09-24 17:34:16,058 - __main__ - WARNING - Message validation failed, skipping send
2025-09-24 17:34:16,059 - __main__ - WARNING - NOx value out of range: 1058.0
2025-09-24 17:34:16,059 - __main__ - WARNING - Message validation failed, skipping send
2025-09-24 17:34:16,060 - __main__ - WARNING - NOx value out of range: 1182.0
2025-09-24 17:34:16,061 - __main__ - WARNING - Message validation failed, skipping send
2025-09-24 17:34:16,061 - __main__ - WARNING - NOx value out of range: 1089.0
2025-09-24 17:34:16,062 - __main__ - WARNING - Message validation failed, skipping send
2025-09-24 17:34:16,063 - __main__ - WARNING - NOx value out of range: 1186.0
2025-09-24 17:34:16,063 - __main__ - WARNING - Message validation failed, skipping send
2025-09-24 17:34:16,064 - __main__ - WARNING - NOx value out of range: 1235.0
2025-09-24 17:34:16,065 - __main__ - WARNING - Message validation failed, skipping send
2025-09-24 17:34:16,065 - __main__ - WARNING - NOx value out of range: 1253.0
2025-09-24 17:34:16,066 - __main__ - WARNING - Message validation failed, skipping send
2025-09-24 17:34:16,067 - __main__ - WARNING - NOx value out of range: 1237.0
2025-09-24 17:34:16,067 - __main__ - WARNING - Message validation failed, skipping send
2025-09-24 17:34:16,068 - __main__ - WARNING - NOx value out of range: 1060.0
2025-09-24 17:34:16,069 - __main__ - WARNING - Message validation failed, skipping send
2025-09-24 17:34:17,094 - __main__ - WARNING - NOx value out of range: 1005.0
2025-09-24 17:34:17,095 - __main__ - WARNING - Message validation failed, skipping send
2025-09-24 17:34:33,558 - __main__ - WARNING - NOx value out of range: 1089.0
2025-09-24 17:34:33,559 - __main__ - WARNING - Message validation failed, skipping send
2025-09-24 17:34:33,559 - __main__ - WARNING - NOx value out of range: 1070.0
2025-09-24 17:34:33,560 - __main__ - WARNING - Message validation failed, skipping send
2025-09-24 17:34:33,560 - __main__ - WARNING - NOx value out of range: 1220.0
2025-09-24 17:34:33,560 - __main__ - WARNING - Message validation failed, skipping send
2025-09-24 17:34:33,561 - __main__ - WARNING - NOx value out of range: 1076.0
2025-09-24 17:34:33,561 - __main__ - WARNING - Message validation failed, skipping send
2025-09-24 17:34:37,646 - __main__ - INFO - Messages sent: 6900/9471
2025-09-24 17:34:48,009 - __main__ - INFO - Messages sent: 7000/9471
2025-09-24 17:34:58,281 - __main__ - INFO - Messages sent: 7100/9471
2025-09-24 17:35:04,483 - __main__ - WARNING - NOx value out of range: 1130.0
2025-09-24 17:35:04,488 - __main__ - WARNING - Message validation failed, skipping send
2025-09-24 17:35:35,414 - __main__ - WARNING - NOx value out of range: 1216.0
2025-09-24 17:35:35,415 - __main__ - WARNING - Message validation failed, skipping send
2025-09-24 17:35:35,415 - __main__ - WARNING - NOx value out of range: 1230.0
2025-09-24 17:35:35,416 - __main__ - WARNING - Message validation failed, skipping send
2025-09-24 17:35:36,437 - __main__ - WARNING - NOx value out of range: 1049.0
2025-09-24 17:35:36,440 - __main__ - WARNING - Message validation failed, skipping send
2025-09-24 17:35:37,464 - __main__ - WARNING - NOx value out of range: 1022.0
2025-09-24 17:35:37,466 - __main__ - WARNING - Message validation failed, skipping send
2025-09-24 17:35:37,467 - __main__ - WARNING - NOx value out of range: 1023.0
2025-09-24 17:35:37,468 - __main__ - WARNING - Message validation failed, skipping send
2025-09-24 17:35:37,468 - __main__ - WARNING - NOx value out of range: 1065.0
2025-09-24 17:35:37,470 - __main__ - WARNING - Message validation failed, skipping send
2025-09-24 17:35:37,471 - __main__ - WARNING - NOx value out of range: 1098.0
2025-09-24 17:35:37,472 - __main__ - WARNING - Message validation failed, skipping send
2025-09-24 17:35:37,474 - __main__ - WARNING - NOx value out of range: 1099.0
2025-09-24 17:35:37,474 - __main__ - WARNING - Message validation failed, skipping send
2025-09-24 17:35:45,705 - __main__ - WARNING - NOx value out of range: 1200.0
2025-09-24 17:35:45,706 - __main__ - WARNING - Message validation failed, skipping send
2025-09-24 17:35:45,708 - __main__ - WARNING - NOx value out of range: 1028.0
2025-09-24 17:35:45,710 - __main__ - WARNING - Message validation failed, skipping send
2025-09-24 17:36:11,302 - __main__ - WARNING - NOx value out of range: 1017.0
2025-09-24 17:36:11,304 - __main__ - WARNING - Message validation failed, skipping send
2025-09-24 17:36:34,869 - __main__ - WARNING - NOx value out of range: 1028.0
2025-09-24 17:36:34,870 - __main__ - WARNING - Message validation failed, skipping send
2025-09-24 17:36:35,893 - __main__ - WARNING - NOx value out of range: 1054.0
2025-09-24 17:36:35,894 - __main__ - WARNING - Message validation failed, skipping send
2025-09-24 17:36:36,910 - __main__ - WARNING - NOx value out of range: 1218.0
2025-09-24 17:36:36,911 - __main__ - WARNING - Message validation failed, skipping send
2025-09-24 17:36:36,912 - __main__ - WARNING - NOx value out of range: 1227.0
2025-09-24 17:36:36,913 - __main__ - WARNING - Message validation failed, skipping send
2025-09-24 17:36:36,913 - __main__ - WARNING - NOx value out of range: 1061.0
2025-09-24 17:36:36,914 - __main__ - WARNING - Message validation failed, skipping send
2025-09-24 17:36:36,914 - __main__ - WARNING - NOx value out of range: 1075.0
2025-09-24 17:36:36,915 - __main__ - WARNING - Message validation failed, skipping send
2025-09-24 17:38:57,637 - __main__ - INFO - Streaming completed. Total messages sent: 9393
2025-09-24 17:38:57,644 - __main__ - INFO - Kafka producer closed successfully
2025-09-24 21:29:25,304 - __main__ - INFO - Found UCI dataset: C:\Users\aksha\OneDrive\Documents\CMU\Fall2025\FundamentalsOfOpsAI\IndividualProject\data\AirQualityUCI.csv
2025-09-24 21:29:25,308 - __main__ - INFO - Confluent Kafka producer created successfully
2025-09-24 21:29:25,309 - __main__ - INFO - Loading data from: C:\Users\aksha\OneDrive\Documents\CMU\Fall2025\FundamentalsOfOpsAI\IndividualProject\data\AirQualityUCI.csv
2025-09-24 21:29:25,315 - data_preprocessing - INFO - AirQualityDataPreprocessor initialized
2025-09-24 21:29:25,316 - data_preprocessing - INFO - Starting complete preprocessing pipeline...
2025-09-24 21:29:25,318 - data_preprocessing - INFO - Loading data from: C:\Users\aksha\OneDrive\Documents\CMU\Fall2025\FundamentalsOfOpsAI\IndividualProject\data\AirQualityUCI.csv
2025-09-24 21:29:25,457 - data_preprocessing - INFO - Data loaded successfully: 9471 records, 15 columns
2025-09-24 21:29:25,459 - data_preprocessing - INFO - Columns: ['Date', 'Time', 'CO(GT)', 'PT08.S1(CO)', 'NMHC(GT)', 'C6H6(GT)', 'PT08.S2(NMHC)', 'NOx(GT)', 'PT08.S3(NOx)', 'NO2(GT)', 'PT08.S4(NO2)', 'PT08.S5(O3)', 'T', 'RH', 'AH']
2025-09-24 21:29:25,548 - data_preprocessing - INFO - Datetime index created successfully
2025-09-24 21:29:25,551 - data_preprocessing - INFO - Handling missing values using method: hybrid
2025-09-24 21:29:25,558 - data_preprocessing - WARNING - Filled remaining missing values in CO(GT) with median: 1.80
2025-09-24 21:29:25,563 - data_preprocessing - WARNING - Filled remaining missing values in PT08.S1(CO) with median: 1064.00
2025-09-24 21:29:25,568 - data_preprocessing - WARNING - Filled remaining missing values in NMHC(GT) with median: 151.50
2025-09-24 21:29:25,573 - data_preprocessing - WARNING - Filled remaining missing values in C6H6(GT) with median: 8.30
2025-09-24 21:29:25,578 - data_preprocessing - WARNING - Filled remaining missing values in PT08.S2(NMHC) with median: 910.00
2025-09-24 21:29:25,585 - data_preprocessing - WARNING - Filled remaining missing values in NOx(GT) with median: 176.00
2025-09-24 21:29:25,595 - data_preprocessing - WARNING - Filled remaining missing values in PT08.S3(NOx) with median: 806.00
2025-09-24 21:29:25,605 - data_preprocessing - WARNING - Filled remaining missing values in NO2(GT) with median: 107.00
2025-09-24 21:29:25,613 - data_preprocessing - WARNING - Filled remaining missing values in PT08.S4(NO2) with median: 1463.00
2025-09-24 21:29:25,620 - data_preprocessing - WARNING - Filled remaining missing values in PT08.S5(O3) with median: 964.00
2025-09-24 21:29:25,625 - data_preprocessing - WARNING - Filled remaining missing values in T with median: 17.80
2025-09-24 21:29:25,631 - data_preprocessing - WARNING - Filled remaining missing values in RH with median: 49.50
2025-09-24 21:29:25,637 - data_preprocessing - WARNING - Filled remaining missing values in AH with median: 0.99
2025-09-24 21:29:25,641 - data_preprocessing - INFO - Missing value handling completed:
2025-09-24 21:29:25,643 - data_preprocessing - INFO -   CO(GT): 114 -> 0 missing values
2025-09-24 21:29:25,644 - data_preprocessing - INFO -   PT08.S1(CO): 114 -> 0 missing values
2025-09-24 21:29:25,646 - data_preprocessing - INFO -   NMHC(GT): 114 -> 0 missing values
2025-09-24 21:29:25,647 - data_preprocessing - INFO -   C6H6(GT): 114 -> 0 missing values
2025-09-24 21:29:25,648 - data_preprocessing - INFO -   PT08.S2(NMHC): 114 -> 0 missing values
2025-09-24 21:29:25,651 - data_preprocessing - INFO -   NOx(GT): 114 -> 0 missing values
2025-09-24 21:29:25,651 - data_preprocessing - INFO -   PT08.S3(NOx): 114 -> 0 missing values
2025-09-24 21:29:25,652 - data_preprocessing - INFO -   NO2(GT): 114 -> 0 missing values
2025-09-24 21:29:25,653 - data_preprocessing - INFO -   PT08.S4(NO2): 114 -> 0 missing values
2025-09-24 21:29:25,653 - data_preprocessing - INFO -   PT08.S5(O3): 114 -> 0 missing values
2025-09-24 21:29:25,654 - data_preprocessing - INFO -   T: 114 -> 0 missing values
2025-09-24 21:29:25,655 - data_preprocessing - INFO -   RH: 114 -> 0 missing values
2025-09-24 21:29:25,655 - data_preprocessing - INFO -   AH: 114 -> 0 missing values
2025-09-24 21:29:25,656 - data_preprocessing - INFO - Validating data quality...
2025-09-24 21:29:25,724 - data_preprocessing - INFO - Data quality validation completed:
2025-09-24 21:29:25,725 - data_preprocessing - INFO -   Overall quality score: 0.916
2025-09-24 21:29:25,725 - data_preprocessing - INFO -   Data completeness: 1.000
2025-09-24 21:29:25,726 - data_preprocessing - INFO -   Average outlier percentage: 2.86%
2025-09-24 21:29:25,729 - data_preprocessing - INFO - Engineering features...
2025-09-24 21:29:25,989 - data_preprocessing - INFO - Feature engineering completed: 210 total features
2025-09-24 21:29:25,992 - data_preprocessing - INFO - Preprocessing pipeline completed successfully
2025-09-24 21:29:25,992 - __main__ - INFO - Data loaded successfully: 9471 records with 210 features
2025-09-24 21:29:25,993 - __main__ - INFO - AirQualityDataProducer initialized for topic: air-quality-data
2025-09-24 21:29:25,994 - __main__ - INFO - Starting air quality data streaming...
2025-09-24 21:29:25,995 - __main__ - INFO - Simulation speed: 1.0x
2025-09-24 21:29:25,995 - __main__ - INFO - Max messages: All
2025-09-24 21:29:25,996 - __main__ - INFO - Batch size: 10
2025-09-24 21:29:35,506 - __main__ - INFO - Messages sent: 100/9471
2025-09-24 21:29:46,420 - __main__ - INFO - Messages sent: 200/9471
2025-09-24 21:29:57,129 - __main__ - INFO - Messages sent: 300/9471
2025-09-24 21:30:07,631 - __main__ - INFO - Messages sent: 400/9471
2025-09-24 21:30:18,392 - __main__ - INFO - Messages sent: 500/9471
2025-09-24 21:30:28,706 - __main__ - INFO - Messages sent: 600/9471
2025-09-24 21:30:39,089 - __main__ - INFO - Messages sent: 700/9471
2025-09-24 21:30:49,426 - __main__ - INFO - Messages sent: 800/9471
2025-09-24 21:30:59,849 - __main__ - INFO - Messages sent: 900/9471
2025-09-24 21:31:10,225 - __main__ - INFO - Messages sent: 1000/9471
2025-09-24 21:31:20,623 - __main__ - INFO - Messages sent: 1100/9471
2025-09-24 21:31:30,974 - __main__ - INFO - Messages sent: 1200/9471
2025-09-24 21:31:41,305 - __main__ - INFO - Messages sent: 1300/9471
2025-09-24 21:31:51,652 - __main__ - INFO - Messages sent: 1400/9471
2025-09-24 21:32:02,026 - __main__ - INFO - Messages sent: 1500/9471
2025-09-24 21:32:12,400 - __main__ - INFO - Messages sent: 1600/9471
2025-09-24 21:32:22,747 - __main__ - INFO - Messages sent: 1700/9471
2025-09-24 21:32:33,135 - __main__ - INFO - Messages sent: 1800/9471
2025-09-24 21:32:43,449 - __main__ - INFO - Messages sent: 1900/9471
2025-09-24 21:32:53,869 - __main__ - INFO - Messages sent: 2000/9471
2025-09-24 21:33:04,292 - __main__ - INFO - Messages sent: 2100/9471
2025-09-24 21:33:14,678 - __main__ - INFO - Messages sent: 2200/9471
2025-09-24 21:33:25,000 - __main__ - INFO - Messages sent: 2300/9471
2025-09-24 21:33:35,367 - __main__ - INFO - Messages sent: 2400/9471
2025-09-24 21:33:45,667 - __main__ - INFO - Messages sent: 2500/9471
2025-09-24 21:33:56,012 - __main__ - INFO - Messages sent: 2600/9471
2025-09-24 21:34:06,526 - __main__ - INFO - Messages sent: 2700/9471
2025-09-24 21:34:16,995 - __main__ - INFO - Messages sent: 2800/9471
2025-09-24 21:34:27,463 - __main__ - INFO - Messages sent: 2900/9471
2025-09-24 21:34:37,948 - __main__ - INFO - Messages sent: 3000/9471
2025-09-24 21:34:48,409 - __main__ - INFO - Messages sent: 3100/9471
2025-09-24 21:34:58,777 - __main__ - INFO - Messages sent: 3200/9471
2025-09-24 21:35:09,155 - __main__ - INFO - Messages sent: 3300/9471
2025-09-24 21:35:19,450 - __main__ - INFO - Messages sent: 3400/9471
2025-09-24 21:35:29,721 - __main__ - INFO - Messages sent: 3500/9471
2025-09-24 21:35:40,250 - __main__ - INFO - Messages sent: 3600/9471
2025-09-24 21:35:50,865 - __main__ - INFO - Messages sent: 3700/9471
2025-09-24 21:36:02,901 - __main__ - INFO - Messages sent: 3800/9471
2025-09-24 21:36:13,677 - __main__ - INFO - Messages sent: 3900/9471
2025-09-24 21:36:24,169 - __main__ - INFO - Messages sent: 4000/9471
2025-09-24 21:36:34,913 - __main__ - INFO - Messages sent: 4100/9471
2025-09-24 21:36:45,286 - __main__ - INFO - Messages sent: 4200/9471
2025-09-24 21:36:55,623 - __main__ - INFO - Messages sent: 4300/9471
2025-09-24 21:37:06,042 - __main__ - INFO - Messages sent: 4400/9471
2025-09-24 21:37:16,659 - __main__ - INFO - Messages sent: 4500/9471
2025-09-24 21:37:26,952 - __main__ - INFO - Messages sent: 4600/9471
2025-09-24 21:37:37,305 - __main__ - INFO - Messages sent: 4700/9471
2025-09-24 21:37:47,664 - __main__ - INFO - Messages sent: 4800/9471
2025-09-24 21:37:58,054 - __main__ - INFO - Messages sent: 4900/9471
2025-09-24 21:38:08,385 - __main__ - INFO - Messages sent: 5000/9471
2025-09-24 21:38:19,147 - __main__ - INFO - Messages sent: 5100/9471
2025-09-24 21:38:29,789 - __main__ - INFO - Messages sent: 5200/9471
2025-09-24 21:38:40,106 - __main__ - INFO - Messages sent: 5300/9471
2025-09-24 21:38:45,735 - __main__ - INFO - Streaming interrupted by user
2025-09-24 21:38:45,735 - __main__ - INFO - Kafka producer closed successfully
2025-09-24 21:39:47,488 - __main__ - INFO - Found UCI dataset: C:\Users\aksha\OneDrive\Documents\CMU\Fall2025\FundamentalsOfOpsAI\IndividualProject\data\AirQualityUCI.csv
2025-09-24 21:39:47,490 - __main__ - INFO - Confluent Kafka producer created successfully
2025-09-24 21:39:47,490 - __main__ - INFO - Loading data from: C:\Users\aksha\OneDrive\Documents\CMU\Fall2025\FundamentalsOfOpsAI\IndividualProject\data\AirQualityUCI.csv
2025-09-24 21:39:47,494 - data_preprocessing - INFO - AirQualityDataPreprocessor initialized
2025-09-24 21:39:47,494 - data_preprocessing - INFO - Starting complete preprocessing pipeline...
2025-09-24 21:39:47,495 - data_preprocessing - INFO - Loading data from: C:\Users\aksha\OneDrive\Documents\CMU\Fall2025\FundamentalsOfOpsAI\IndividualProject\data\AirQualityUCI.csv
2025-09-24 21:39:47,615 - data_preprocessing - INFO - Data loaded successfully: 9471 records, 15 columns
2025-09-24 21:39:47,616 - data_preprocessing - INFO - Columns: ['Date', 'Time', 'CO(GT)', 'PT08.S1(CO)', 'NMHC(GT)', 'C6H6(GT)', 'PT08.S2(NMHC)', 'NOx(GT)', 'PT08.S3(NOx)', 'NO2(GT)', 'PT08.S4(NO2)', 'PT08.S5(O3)', 'T', 'RH', 'AH']
2025-09-24 21:39:47,717 - data_preprocessing - INFO - Datetime index created successfully
2025-09-24 21:39:47,723 - data_preprocessing - INFO - Handling missing values using method: hybrid
2025-09-24 21:39:47,725 - data_preprocessing - WARNING - Filled remaining missing values in CO(GT) with median: 1.80
2025-09-24 21:39:47,733 - data_preprocessing - WARNING - Filled remaining missing values in PT08.S1(CO) with median: 1064.00
2025-09-24 21:39:47,736 - data_preprocessing - WARNING - Filled remaining missing values in NMHC(GT) with median: 151.50
2025-09-24 21:39:47,740 - data_preprocessing - WARNING - Filled remaining missing values in C6H6(GT) with median: 8.30
2025-09-24 21:39:47,744 - data_preprocessing - WARNING - Filled remaining missing values in PT08.S2(NMHC) with median: 910.00
2025-09-24 21:39:47,747 - data_preprocessing - WARNING - Filled remaining missing values in NOx(GT) with median: 176.00
2025-09-24 21:39:47,754 - data_preprocessing - WARNING - Filled remaining missing values in PT08.S3(NOx) with median: 806.00
2025-09-24 21:39:47,759 - data_preprocessing - WARNING - Filled remaining missing values in NO2(GT) with median: 107.00
2025-09-24 21:39:47,764 - data_preprocessing - WARNING - Filled remaining missing values in PT08.S4(NO2) with median: 1463.00
2025-09-24 21:39:47,771 - data_preprocessing - WARNING - Filled remaining missing values in PT08.S5(O3) with median: 964.00
2025-09-24 21:39:47,778 - data_preprocessing - WARNING - Filled remaining missing values in T with median: 17.80
2025-09-24 21:39:47,783 - data_preprocessing - WARNING - Filled remaining missing values in RH with median: 49.50
2025-09-24 21:39:47,790 - data_preprocessing - WARNING - Filled remaining missing values in AH with median: 0.99
2025-09-24 21:39:47,791 - data_preprocessing - INFO - Missing value handling completed:
2025-09-24 21:39:47,793 - data_preprocessing - INFO -   CO(GT): 114 -> 0 missing values
2025-09-24 21:39:47,793 - data_preprocessing - INFO -   PT08.S1(CO): 114 -> 0 missing values
2025-09-24 21:39:47,793 - data_preprocessing - INFO -   NMHC(GT): 114 -> 0 missing values
2025-09-24 21:39:47,794 - data_preprocessing - INFO -   C6H6(GT): 114 -> 0 missing values
2025-09-24 21:39:47,794 - data_preprocessing - INFO -   PT08.S2(NMHC): 114 -> 0 missing values
2025-09-24 21:39:47,795 - data_preprocessing - INFO -   NOx(GT): 114 -> 0 missing values
2025-09-24 21:39:47,795 - data_preprocessing - INFO -   PT08.S3(NOx): 114 -> 0 missing values
2025-09-24 21:39:47,796 - data_preprocessing - INFO -   NO2(GT): 114 -> 0 missing values
2025-09-24 21:39:47,796 - data_preprocessing - INFO -   PT08.S4(NO2): 114 -> 0 missing values
2025-09-24 21:39:47,797 - data_preprocessing - INFO -   PT08.S5(O3): 114 -> 0 missing values
2025-09-24 21:39:47,798 - data_preprocessing - INFO -   T: 114 -> 0 missing values
2025-09-24 21:39:47,798 - data_preprocessing - INFO -   RH: 114 -> 0 missing values
2025-09-24 21:39:47,800 - data_preprocessing - INFO -   AH: 114 -> 0 missing values
2025-09-24 21:39:47,801 - data_preprocessing - INFO - Validating data quality...
2025-09-24 21:39:47,860 - data_preprocessing - INFO - Data quality validation completed:
2025-09-24 21:39:47,862 - data_preprocessing - INFO -   Overall quality score: 0.916
2025-09-24 21:39:47,862 - data_preprocessing - INFO -   Data completeness: 1.000
2025-09-24 21:39:47,863 - data_preprocessing - INFO -   Average outlier percentage: 2.86%
2025-09-24 21:39:47,867 - data_preprocessing - INFO - Engineering features...
2025-09-24 21:39:48,115 - data_preprocessing - INFO - Feature engineering completed: 210 total features
2025-09-24 21:39:48,116 - data_preprocessing - INFO - Preprocessing pipeline completed successfully
2025-09-24 21:39:48,117 - __main__ - INFO - Data loaded successfully: 9471 records with 210 features
2025-09-24 21:39:48,117 - __main__ - INFO - AirQualityDataProducer initialized for topic: air-quality-data
2025-09-24 21:39:48,118 - __main__ - INFO - Starting air quality data streaming...
2025-09-24 21:39:48,118 - __main__ - INFO - Simulation speed: 1.0x
2025-09-24 21:39:48,119 - __main__ - INFO - Max messages: All
2025-09-24 21:39:48,119 - __main__ - INFO - Batch size: 10
2025-09-24 21:39:57,596 - __main__ - INFO - Messages sent: 100/9471
2025-09-24 21:40:08,379 - __main__ - INFO - Messages sent: 200/9471
2025-09-24 21:40:18,945 - __main__ - INFO - Messages sent: 300/9471
2025-09-24 21:40:29,470 - __main__ - INFO - Messages sent: 400/9471
2025-09-24 21:40:39,943 - __main__ - INFO - Messages sent: 500/9471
2025-09-24 21:40:50,284 - __main__ - INFO - Messages sent: 600/9471
2025-09-24 21:41:00,689 - __main__ - INFO - Messages sent: 700/9471
2025-09-24 21:41:11,054 - __main__ - INFO - Messages sent: 800/9471
2025-09-24 21:41:21,479 - __main__ - INFO - Messages sent: 900/9471
2025-09-24 21:41:31,874 - __main__ - INFO - Messages sent: 1000/9471
2025-09-24 21:41:42,257 - __main__ - INFO - Messages sent: 1100/9471
2025-09-24 21:41:52,642 - __main__ - INFO - Messages sent: 1200/9471
2025-09-24 21:42:02,969 - __main__ - INFO - Messages sent: 1300/9471
2025-09-24 21:42:13,401 - __main__ - INFO - Messages sent: 1400/9471
2025-09-24 21:42:23,808 - __main__ - INFO - Messages sent: 1500/9471
2025-09-24 21:42:34,161 - __main__ - INFO - Messages sent: 1600/9471
2025-09-24 21:42:44,549 - __main__ - INFO - Messages sent: 1700/9471
2025-09-24 21:42:54,944 - __main__ - INFO - Messages sent: 1800/9471
2025-09-24 21:43:05,344 - __main__ - INFO - Messages sent: 1900/9471
2025-09-24 21:43:15,757 - __main__ - INFO - Messages sent: 2000/9471
2025-09-24 21:43:26,124 - __main__ - INFO - Messages sent: 2100/9471
2025-09-24 21:43:36,464 - __main__ - INFO - Messages sent: 2200/9471
2025-09-24 21:43:46,824 - __main__ - INFO - Messages sent: 2300/9471
2025-09-24 21:43:57,178 - __main__ - INFO - Messages sent: 2400/9471
2025-09-24 21:44:07,565 - __main__ - INFO - Messages sent: 2500/9471
2025-09-24 21:44:17,946 - __main__ - INFO - Messages sent: 2600/9471
2025-09-24 21:44:28,304 - __main__ - INFO - Messages sent: 2700/9471
2025-09-24 21:44:38,759 - __main__ - INFO - Messages sent: 2800/9471
2025-09-24 21:44:49,097 - __main__ - INFO - Messages sent: 2900/9471
2025-09-24 21:44:59,476 - __main__ - INFO - Messages sent: 3000/9471
2025-09-24 21:45:09,819 - __main__ - INFO - Messages sent: 3100/9471
2025-09-24 21:45:20,231 - __main__ - INFO - Messages sent: 3200/9471
2025-09-24 21:45:30,648 - __main__ - INFO - Messages sent: 3300/9471
2025-09-24 21:45:41,046 - __main__ - INFO - Messages sent: 3400/9471
2025-09-24 21:45:51,383 - __main__ - INFO - Messages sent: 3500/9471
2025-09-24 21:46:01,778 - __main__ - INFO - Messages sent: 3600/9471
2025-09-24 21:46:12,161 - __main__ - INFO - Messages sent: 3700/9471
2025-09-24 21:46:22,495 - __main__ - INFO - Messages sent: 3800/9471
2025-09-24 21:46:32,861 - __main__ - INFO - Messages sent: 3900/9471
2025-09-24 21:46:43,272 - __main__ - INFO - Messages sent: 4000/9471
2025-09-24 21:46:53,620 - __main__ - INFO - Messages sent: 4100/9471
2025-09-24 21:47:03,965 - __main__ - INFO - Messages sent: 4200/9471
2025-09-24 21:47:14,321 - __main__ - INFO - Messages sent: 4300/9471
2025-09-24 21:47:24,648 - __main__ - INFO - Messages sent: 4400/9471
2025-09-24 21:47:35,029 - __main__ - INFO - Messages sent: 4500/9471
2025-09-24 21:47:45,397 - __main__ - INFO - Messages sent: 4600/9471
2025-09-24 21:47:55,761 - __main__ - INFO - Messages sent: 4700/9471
2025-09-24 21:48:06,146 - __main__ - INFO - Messages sent: 4800/9471
2025-09-24 21:48:16,537 - __main__ - INFO - Messages sent: 4900/9471
2025-09-24 21:48:26,949 - __main__ - INFO - Messages sent: 5000/9471
2025-09-24 21:48:37,414 - __main__ - INFO - Messages sent: 5100/9471
2025-09-24 21:48:47,759 - __main__ - INFO - Messages sent: 5200/9471
2025-09-24 21:48:58,136 - __main__ - INFO - Messages sent: 5300/9471
2025-09-24 21:49:08,493 - __main__ - INFO - Messages sent: 5400/9471
2025-09-24 21:49:19,003 - __main__ - INFO - Messages sent: 5500/9471
2025-09-24 21:49:29,349 - __main__ - INFO - Messages sent: 5600/9471
2025-09-24 21:49:39,691 - __main__ - INFO - Messages sent: 5700/9471
2025-09-24 21:49:43,859 - __main__ - WARNING - NOx value out of range: 1052.0
2025-09-24 21:49:43,860 - __main__ - WARNING - Message validation failed, skipping send
2025-09-24 21:49:43,861 - __main__ - WARNING - NOx value out of range: 1014.0
2025-09-24 21:49:43,863 - __main__ - WARNING - Message validation failed, skipping send
2025-09-24 21:49:45,928 - __main__ - WARNING - NOx value out of range: 1001.0
2025-09-24 21:49:45,932 - __main__ - WARNING - Message validation failed, skipping send
2025-09-24 21:50:00,497 - __main__ - WARNING - NOx value out of range: 1247.0
2025-09-24 21:50:00,499 - __main__ - WARNING - Message validation failed, skipping send
2025-09-24 21:50:00,502 - __main__ - WARNING - NOx value out of range: 1110.0
2025-09-24 21:50:00,504 - __main__ - WARNING - Message validation failed, skipping send
2025-09-24 21:50:00,507 - __main__ - WARNING - NOx value out of range: 1145.0
2025-09-24 21:50:00,508 - __main__ - WARNING - Message validation failed, skipping send
2025-09-24 21:50:12,923 - __main__ - WARNING - NOx value out of range: 1071.0
2025-09-24 21:50:12,930 - __main__ - WARNING - Message validation failed, skipping send
2025-09-24 21:50:16,038 - __main__ - WARNING - NOx value out of range: 1290.0
2025-09-24 21:50:16,042 - __main__ - WARNING - Message validation failed, skipping send
2025-09-24 21:50:16,044 - __main__ - WARNING - NOx value out of range: 1148.0
2025-09-24 21:50:16,045 - __main__ - WARNING - Message validation failed, skipping send
2025-09-24 21:50:18,160 - __main__ - WARNING - NOx value out of range: 1132.0
2025-09-24 21:50:18,164 - __main__ - WARNING - Message validation failed, skipping send
2025-09-24 21:50:18,165 - __main__ - WARNING - NOx value out of range: 1195.0
2025-09-24 21:50:18,166 - __main__ - WARNING - Message validation failed, skipping send
2025-09-24 21:50:18,167 - __main__ - WARNING - NOx value out of range: 1120.0
2025-09-24 21:50:18,169 - __main__ - WARNING - Message validation failed, skipping send
2025-09-24 21:50:28,507 - __main__ - WARNING - NOx value out of range: 1058.0
2025-09-24 21:50:28,508 - __main__ - WARNING - Message validation failed, skipping send
2025-09-24 21:50:28,510 - __main__ - WARNING - NOx value out of range: 1080.0
2025-09-24 21:50:28,510 - __main__ - WARNING - Message validation failed, skipping send
2025-09-24 21:50:28,511 - __main__ - WARNING - NOx value out of range: 1301.0
2025-09-24 21:50:28,512 - __main__ - WARNING - Message validation failed, skipping send
2025-09-24 21:50:28,513 - __main__ - WARNING - NOx value out of range: 1345.0
2025-09-24 21:50:28,514 - __main__ - WARNING - Message validation failed, skipping send
2025-09-24 21:50:29,565 - __main__ - WARNING - NOx value out of range: 1218.0
2025-09-24 21:50:29,566 - __main__ - WARNING - Message validation failed, skipping send
2025-09-24 21:50:30,598 - __main__ - WARNING - NOx value out of range: 1188.0
2025-09-24 21:50:30,599 - __main__ - WARNING - Message validation failed, skipping send
2025-09-24 21:50:30,600 - __main__ - WARNING - NOx value out of range: 1045.0
2025-09-24 21:50:30,601 - __main__ - WARNING - Message validation failed, skipping send
2025-09-24 21:50:30,603 - __main__ - WARNING - NOx value out of range: 1189.0
2025-09-24 21:50:30,604 - __main__ - WARNING - Message validation failed, skipping send
2025-09-24 21:50:31,632 - __main__ - WARNING - NOx value out of range: 1201.0
2025-09-24 21:50:31,632 - __main__ - WARNING - Message validation failed, skipping send
2025-09-24 21:50:31,633 - __main__ - WARNING - NOx value out of range: 1369.0
2025-09-24 21:50:31,635 - __main__ - WARNING - Message validation failed, skipping send
2025-09-24 21:50:31,636 - __main__ - WARNING - NOx value out of range: 1389.0
2025-09-24 21:50:31,637 - __main__ - WARNING - Message validation failed, skipping send
2025-09-24 21:50:31,638 - __main__ - WARNING - NOx value out of range: 1358.0
2025-09-24 21:50:31,639 - __main__ - WARNING - Message validation failed, skipping send
2025-09-24 21:50:31,639 - __main__ - WARNING - NOx value out of range: 1189.0
2025-09-24 21:50:31,641 - __main__ - WARNING - Message validation failed, skipping send
2025-09-24 21:50:33,693 - __main__ - WARNING - NOx value out of range: 1074.0
2025-09-24 21:50:33,706 - __main__ - WARNING - Message validation failed, skipping send
2025-09-24 21:50:37,861 - __main__ - WARNING - NOx value out of range: 1056.0
2025-09-24 21:50:37,862 - __main__ - WARNING - Message validation failed, skipping send
2025-09-24 21:50:38,913 - __main__ - WARNING - NOx value out of range: 1071.0
2025-09-24 21:50:38,913 - __main__ - WARNING - Message validation failed, skipping send
2025-09-24 21:50:38,913 - __main__ - WARNING - NOx value out of range: 1134.0
2025-09-24 21:50:38,913 - __main__ - WARNING - Message validation failed, skipping send
2025-09-24 21:50:38,913 - __main__ - WARNING - NOx value out of range: 1389.0
2025-09-24 21:50:38,913 - __main__ - WARNING - Message validation failed, skipping send
2025-09-24 21:50:38,913 - __main__ - WARNING - NOx value out of range: 1155.0
2025-09-24 21:50:38,913 - __main__ - WARNING - Message validation failed, skipping send
2025-09-24 21:50:45,154 - __main__ - WARNING - NOx value out of range: 1044.0
2025-09-24 21:50:45,155 - __main__ - WARNING - Message validation failed, skipping send
2025-09-24 21:50:45,156 - __main__ - WARNING - NOx value out of range: 1172.0
2025-09-24 21:50:45,157 - __main__ - WARNING - Message validation failed, skipping send
2025-09-24 21:50:51,377 - __main__ - WARNING - NOx value out of range: 1040.0
2025-09-24 21:50:51,378 - __main__ - WARNING - Message validation failed, skipping send
2025-09-24 21:50:53,444 - __main__ - WARNING - NOx value out of range: 1001.0
2025-09-24 21:50:53,445 - __main__ - WARNING - Message validation failed, skipping send
2025-09-24 21:50:53,447 - __main__ - WARNING - NOx value out of range: 1184.0
2025-09-24 21:50:53,448 - __main__ - WARNING - Message validation failed, skipping send
2025-09-24 21:50:54,476 - __main__ - WARNING - NOx value out of range: 1020.0
2025-09-24 21:50:54,477 - __main__ - WARNING - Message validation failed, skipping send
2025-09-24 21:51:21,459 - __main__ - WARNING - NOx value out of range: 1014.0
2025-09-24 21:51:21,459 - __main__ - WARNING - Message validation failed, skipping send
2025-09-24 21:51:21,460 - __main__ - WARNING - NOx value out of range: 1479.0
2025-09-24 21:51:21,460 - __main__ - WARNING - Message validation failed, skipping send
2025-09-24 21:51:21,461 - __main__ - WARNING - NOx value out of range: 1018.0
2025-09-24 21:51:21,461 - __main__ - WARNING - Message validation failed, skipping send
2025-09-24 21:51:23,563 - __main__ - WARNING - NOx value out of range: 1159.0
2025-09-24 21:51:23,564 - __main__ - WARNING - Message validation failed, skipping send
2025-09-24 21:51:23,565 - __main__ - WARNING - NOx value out of range: 1310.0
2025-09-24 21:51:23,567 - __main__ - WARNING - Message validation failed, skipping send
2025-09-24 21:51:23,568 - __main__ - WARNING - NOx value out of range: 1037.0
2025-09-24 21:51:23,569 - __main__ - WARNING - Message validation failed, skipping send
2025-09-24 21:51:25,640 - __main__ - WARNING - NOx value out of range: 1237.0
2025-09-24 21:51:25,642 - __main__ - WARNING - Message validation failed, skipping send
2025-09-24 21:51:26,670 - __main__ - WARNING - NOx value out of range: 1137.0
2025-09-24 21:51:26,672 - __main__ - WARNING - Message validation failed, skipping send
2025-09-24 21:51:27,707 - __main__ - WARNING - NOx value out of range: 1015.0
2025-09-24 21:51:27,708 - __main__ - WARNING - Message validation failed, skipping send
2025-09-24 21:51:28,729 - __main__ - WARNING - NOx value out of range: 1018.0
2025-09-24 21:51:28,729 - __main__ - WARNING - Message validation failed, skipping send
2025-09-24 21:51:28,729 - __main__ - WARNING - NOx value out of range: 1058.0
2025-09-24 21:51:28,729 - __main__ - WARNING - Message validation failed, skipping send
2025-09-24 21:51:28,729 - __main__ - WARNING - NOx value out of range: 1182.0
2025-09-24 21:51:28,729 - __main__ - WARNING - Message validation failed, skipping send
2025-09-24 21:51:28,729 - __main__ - WARNING - NOx value out of range: 1089.0
2025-09-24 21:51:28,729 - __main__ - WARNING - Message validation failed, skipping send
2025-09-24 21:51:28,746 - __main__ - WARNING - NOx value out of range: 1186.0
2025-09-24 21:51:28,747 - __main__ - WARNING - Message validation failed, skipping send
2025-09-24 21:51:28,748 - __main__ - WARNING - NOx value out of range: 1235.0
2025-09-24 21:51:28,749 - __main__ - WARNING - Message validation failed, skipping send
2025-09-24 21:51:28,750 - __main__ - WARNING - NOx value out of range: 1253.0
2025-09-24 21:51:28,751 - __main__ - WARNING - Message validation failed, skipping send
2025-09-24 21:51:28,752 - __main__ - WARNING - NOx value out of range: 1237.0
2025-09-24 21:51:28,753 - __main__ - WARNING - Message validation failed, skipping send
2025-09-24 21:51:28,754 - __main__ - WARNING - NOx value out of range: 1060.0
2025-09-24 21:51:28,755 - __main__ - WARNING - Message validation failed, skipping send
2025-09-24 21:51:29,787 - __main__ - WARNING - NOx value out of range: 1005.0
2025-09-24 21:51:29,788 - __main__ - WARNING - Message validation failed, skipping send
2025-09-24 21:51:46,427 - __main__ - WARNING - NOx value out of range: 1089.0
2025-09-24 21:51:46,428 - __main__ - WARNING - Message validation failed, skipping send
2025-09-24 21:51:46,429 - __main__ - WARNING - NOx value out of range: 1070.0
2025-09-24 21:51:46,429 - __main__ - WARNING - Message validation failed, skipping send
2025-09-24 21:51:46,429 - __main__ - WARNING - NOx value out of range: 1220.0
2025-09-24 21:51:46,429 - __main__ - WARNING - Message validation failed, skipping send
2025-09-24 21:51:46,429 - __main__ - WARNING - NOx value out of range: 1076.0
2025-09-24 21:51:46,429 - __main__ - WARNING - Message validation failed, skipping send
2025-09-24 21:51:50,570 - __main__ - INFO - Messages sent: 6900/9471
2025-09-24 21:52:00,974 - __main__ - INFO - Messages sent: 7000/9471
2025-09-24 21:52:11,351 - __main__ - INFO - Messages sent: 7100/9471
2025-09-24 21:52:17,585 - __main__ - WARNING - NOx value out of range: 1130.0
2025-09-24 21:52:17,588 - __main__ - WARNING - Message validation failed, skipping send
2025-09-24 21:52:48,673 - __main__ - WARNING - NOx value out of range: 1216.0
2025-09-24 21:52:48,673 - __main__ - WARNING - Message validation failed, skipping send
2025-09-24 21:52:48,680 - __main__ - WARNING - NOx value out of range: 1230.0
2025-09-24 21:52:48,681 - __main__ - WARNING - Message validation failed, skipping send
2025-09-24 21:52:49,733 - __main__ - WARNING - NOx value out of range: 1049.0
2025-09-24 21:52:49,737 - __main__ - WARNING - Message validation failed, skipping send
2025-09-24 21:52:50,772 - __main__ - WARNING - NOx value out of range: 1022.0
2025-09-24 21:52:50,775 - __main__ - WARNING - Message validation failed, skipping send
2025-09-24 21:52:50,777 - __main__ - WARNING - NOx value out of range: 1023.0
2025-09-24 21:52:50,779 - __main__ - WARNING - Message validation failed, skipping send
2025-09-24 21:52:50,779 - __main__ - WARNING - NOx value out of range: 1065.0
2025-09-24 21:52:50,779 - __main__ - WARNING - Message validation failed, skipping send
2025-09-24 21:52:50,779 - __main__ - WARNING - NOx value out of range: 1098.0
2025-09-24 21:52:50,779 - __main__ - WARNING - Message validation failed, skipping send
2025-09-24 21:52:50,779 - __main__ - WARNING - NOx value out of range: 1099.0
2025-09-24 21:52:50,779 - __main__ - WARNING - Message validation failed, skipping send
2025-09-24 21:52:59,031 - __main__ - WARNING - NOx value out of range: 1200.0
2025-09-24 21:52:59,033 - __main__ - WARNING - Message validation failed, skipping send
2025-09-24 21:52:59,034 - __main__ - WARNING - NOx value out of range: 1028.0
2025-09-24 21:52:59,036 - __main__ - WARNING - Message validation failed, skipping send
2025-09-24 21:53:25,034 - __main__ - WARNING - NOx value out of range: 1017.0
2025-09-24 21:53:25,037 - __main__ - WARNING - Message validation failed, skipping send
2025-09-24 21:53:48,841 - __main__ - WARNING - NOx value out of range: 1028.0
2025-09-24 21:53:48,841 - __main__ - WARNING - Message validation failed, skipping send
2025-09-24 21:53:49,903 - __main__ - WARNING - NOx value out of range: 1054.0
2025-09-24 21:53:49,907 - __main__ - WARNING - Message validation failed, skipping send
2025-09-24 21:53:50,947 - __main__ - WARNING - NOx value out of range: 1218.0
2025-09-24 21:53:50,949 - __main__ - WARNING - Message validation failed, skipping send
2025-09-24 21:53:50,951 - __main__ - WARNING - NOx value out of range: 1227.0
2025-09-24 21:53:50,953 - __main__ - WARNING - Message validation failed, skipping send
2025-09-24 21:53:50,956 - __main__ - WARNING - NOx value out of range: 1061.0
2025-09-24 21:53:50,959 - __main__ - WARNING - Message validation failed, skipping send
2025-09-24 21:53:50,960 - __main__ - WARNING - NOx value out of range: 1075.0
2025-09-24 21:53:50,963 - __main__ - WARNING - Message validation failed, skipping send
2025-09-24 21:56:13,162 - __main__ - INFO - Streaming completed. Total messages sent: 9393
2025-09-24 21:56:13,162 - __main__ - INFO - Kafka producer closed successfully
